-------------------------------------------------------------------------------
Test set: net.pruebatecnica.test.ProveedorDAOTest
-------------------------------------------------------------------------------
Tests run: 2, Failures: 1, Errors: 0, Skipped: 0, Time elapsed: 2.471 s <<< FAILURE! -- in net.pruebatecnica.test.ProveedorDAOTest
net.pruebatecnica.test.ProveedorDAOTest.testSelectAllProveedores -- Time elapsed: 2.388 s <<< FAILURE!
org.opentest4j.AssertionFailedError: Debe haber al menos un proveedor en la base de datos ==> expected: <true> but was: <false>
	at org.junit.jupiter.api.AssertionFailureBuilder.build(AssertionFailureBuilder.java:151)
	at org.junit.jupiter.api.AssertionFailureBuilder.buildAndThrow(AssertionFailureBuilder.java:132)
	at org.junit.jupiter.api.AssertTrue.failNotTrue(AssertTrue.java:63)
	at org.junit.jupiter.api.AssertTrue.assertTrue(AssertTrue.java:36)
	at org.junit.jupiter.api.Assertions.assertTrue(Assertions.java:210)
	at net.pruebatecnica.test.ProveedorDAOTest.testSelectAllProveedores(ProveedorDAOTest.java:36)
	at java.base/java.lang.reflect.Method.invoke(Method.java:580)
	at java.base/java.util.ArrayList.forEach(ArrayList.java:1596)
	at java.base/java.util.ArrayList.forEach(ArrayList.java:1596)

